\BOOKMARK [0][]{facepage.0}{\376\377\142\111\230\165}{}% 1
\BOOKMARK [0][]{titlepage.0}{\376\377\134\001\227\142}{}% 2
\BOOKMARK [0][]{entitlepage.0}{\376\377\000T\000i\000t\000l\000e\000\040\000p\000a\000g\000e}{}% 3
\BOOKMARK [0][]{statement.0}{\376\377\123\237\122\033\140\047\130\360\146\016}{}% 4
\BOOKMARK [0][]{contributions.0}{\376\377\215\041\163\056\130\360\146\016}{}% 5
\BOOKMARK [0][]{swjtuchapter.1.0}{\376\377\144\130\211\201}{}% 6
\BOOKMARK [0][]{swjtuchapter.2.0}{\376\377\000A\000b\000s\000t\000r\000a\000c\000t}{}% 7
\BOOKMARK [0][]{swjtuchapter.3.0}{\376\377\166\356\137\125}{}% 8
\BOOKMARK [0][]{chapter.1}{\376\377\173\054\0001\172\340\000\040\000\040\176\352\213\272}{}% 9
\BOOKMARK [1][-]{section.1.1}{\376\377\0001\000.\0001\000\040\170\024\172\166\200\314\146\157\116\016\141\017\116\111}{chapter.1}% 10
\BOOKMARK [1][-]{section.1.2}{\376\377\0001\000.\0002\000\040\126\375\121\205\131\026\170\024\172\166\163\260\162\266}{chapter.1}% 11
\BOOKMARK [2][-]{subsection.1.2.1}{\376\377\0001\000.\0002\000.\0001\000\040\117\140\166\204\170\024\172\166\160\271}{section.1.2}% 12
\BOOKMARK [1][-]{section.1.3}{\376\377\0001\000.\0003\000\040\147\054\145\207\166\204\170\024\172\166\135\345\117\134\116\016\145\207\172\340\176\323\147\204}{chapter.1}% 13
\BOOKMARK [2][-]{subsection.1.3.1}{\376\377\0001\000.\0003\000.\0001\000\040\170\024\172\166\135\345\117\134}{section.1.3}% 14
\BOOKMARK [2][-]{subsection.1.3.2}{\376\377\0001\000.\0003\000.\0002\000\040\145\207\172\340\176\323\147\204}{section.1.3}% 15
\BOOKMARK [1][-]{section.1.4}{\376\377\0001\000.\0004\000\040\147\054\172\340\134\017\176\323}{chapter.1}% 16
\BOOKMARK [0][]{chapter.2}{\376\377\173\054\0002\172\340\000\040\000\040\127\372\170\100\164\006\213\272}{}% 17
\BOOKMARK [1][-]{section.2.1}{\376\377\0002\000.\0001\000\040\121\167\117\123\230\171\166\356}{chapter.2}% 18
\BOOKMARK [2][-]{subsection.2.1.1}{\376\377\0002\000.\0001\000.\0001\000\040\146\364\121\167\117\123\166\204\230\171\166\356}{section.2.1}% 19
\BOOKMARK [1][-]{section.2.2}{\376\377\0002\000.\0002\000\040\147\054\172\340\134\017\176\323}{chapter.2}% 20
\BOOKMARK [0][]{chapter.3}{\376\377\173\054\0003\172\340\000\040\000\040\117\140\166\204\152\041\127\213\230\230\166\356}{}% 21
\BOOKMARK [1][-]{section.3.1}{\376\377\0003\000.\0001\000\040\137\025\212\000}{chapter.3}% 22
\BOOKMARK [1][-]{section.3.2}{\376\377\0003\000.\0002\000\040\173\227\154\325}{chapter.3}% 23
\BOOKMARK [1][-]{section.3.3}{\376\377\0003\000.\0003\000\040\133\236\232\214}{chapter.3}% 24
\BOOKMARK [1][-]{section.3.4}{\376\377\0003\000.\0004\000\040\147\054\172\340\134\017\202\202}{chapter.3}% 25
\BOOKMARK [0][]{appendix*.4}{\376\377\176\323\213\272\116\016\134\125\147\033}{}% 26
\BOOKMARK [0][]{appendix*.7}{\376\377\201\364\214\042}{}% 27
\BOOKMARK [0][]{appendix*.8}{\376\377\123\302\200\003\145\207\163\056}{}% 28
\BOOKMARK [0][]{appendix*.9}{\376\377\145\073\213\373\170\125\130\353\133\146\117\115\147\037\225\364\123\321\210\150\166\204\213\272\145\207\123\312\171\321\170\024\142\020\147\234}{}% 29
